2021-08-22 05:01:31.924 INFO  Pitstop vendor API is running on port 3000... 
2021-08-22 05:01:36.351 INFO  GET /api/:accountId/vehicles. Accepted connection to /api/2/vehicles 
2021-08-22 05:01:39.942 INFO  GET /api/:accountId/vehicles. Accepted connection to /api/1/vehicles 
2021-08-22 05:01:50.175 INFO  POST /api/getData: Accepted connection to fetch sensor data for vehicle id: uuid-Audi 
2021-08-22 05:01:50.176 INFO  POST /api/getData: sensor data for vehicle id: uuid-Audi was found 
2021-08-22 05:01:54.613 INFO  POST /api/getData: Accepted connection to fetch sensor data for vehicle id: uuid-Audi 
2021-08-22 05:01:54.613 WARN  Vendor 15 was not found! 
2021-08-22 05:01:58.407 INFO  POST /api/getData: Accepted connection to fetch sensor data for vehicle id: uuid-Audi 
2021-08-22 05:01:58.407 INFO  POST /api/getData: sensor data for vehicle id: uuid-Audi was found 
2021-08-22 05:02:02.125 INFO  POST /api/getData: Accepted connection to fetch sensor data for vehicle id: uuid-Audi-2 
2021-08-22 05:02:02.125 WARN  Error! sensor data for vehicle: uuid-Audi-2 was not found! 
2021-08-22 05:02:05.300 INFO  POST /api/getData: Accepted connection to fetch sensor data for vehicle id: uuid-Audi 
2021-08-22 05:02:05.300 INFO  POST /api/getData: sensor data for vehicle id: uuid-Audi was found 
2021-08-22 05:02:55.413 INFO  Pitstop vendor API is running on port 3000... 
2021-08-22 05:02:56.017 INFO  Pitstop vendor API is running on port 3000... 
2021-08-22 05:03:04.126 INFO  GET /api/:accountId/vehicles. Accepted connection to /api/1/vehicles 
2021-08-22 05:03:19.423 INFO  POST /api/getData: Accepted connection to fetch sensor data for vehicle id: uuid-Toyota 
2021-08-22 05:03:19.423 INFO  POST /api/getData: sensor data for vehicle id: uuid-Toyota was found 
2021-08-22 05:03:36.854 INFO  POST /api/getData: Accepted connection to fetch sensor data for vehicle id: uuid-Toyota-3 
2021-08-22 05:03:36.854 WARN  Error! sensor data for vehicle: uuid-Toyota-3 was not found! 
2021-08-22 05:03:39.864 INFO  POST /api/getData: Accepted connection to fetch sensor data for vehicle id: uuid-Toyota 
2021-08-22 05:03:39.865 INFO  POST /api/getData: sensor data for vehicle id: uuid-Toyota was found 
2021-08-22 05:08:20.312 INFO  GET /api/:accountId/vehicles. Accepted connection to /api/1/vehicles 
